Detecting C compiler ABI info failed to compile with the following output:
Change Dir: /Users/bevintang/School/CSC471/lab01-master/build/CMakeFiles/CMakeTmp

Run Build Command:"/usr/bin/xcodebuild" "-project" "CMAKE_TRY_COMPILE.xcodeproj" "build" "-target" "cmTC_9a8f1" "-configuration" "Debug"
=== BUILD TARGET cmTC_9a8f1 OF PROJECT CMAKE_TRY_COMPILE WITH CONFIGURATION Debug ===

Check dependencies

Write auxiliary files
/bin/mkdir -p /Users/bevintang/School/CSC471/lab01-master/build/CMakeFiles/CMakeTmp/CMAKE_TRY_COMPILE.build/Debug/cmTC_9a8f1.build/Objects-normal/x86_64
write-file /Users/bevintang/School/CSC471/lab01-master/build/CMakeFiles/CMakeTmp/CMAKE_TRY_COMPILE.build/Debug/cmTC_9a8f1.build/Objects-normal/x86_64/cmTC_9a8f1.LinkFileList

CompileC /Users/bevintang/School/CSC471/lab01-master/build/CMakeFiles/CMakeTmp/CMAKE_TRY_COMPILE.build/Debug/cmTC_9a8f1.build/Objects-normal/x86_64/CMakeCCompilerABI.o /Users/usr/local/Cellar/cmake/3.9.2/share/cmake/Modules/CMakeCCompilerABI.c normal x86_64 c com.apple.compilers.llvm.clang.1_0.compiler
    cd /Users/bevintang/Downloads/School/CSC471/lab01-master/build/CMakeFiles/CMakeTmp
    export LANG=en_US.US-ASCII
    /Applications/Xcode.app/Contents/Developer/Toolchains/XcodeDefault.xctoolchain/usr/bin/clang -x c -arch x86_64 -fmessage-length=0 -fdiagnostics-show-note-include-stack -fmacro-backtrace-limit=0 -Wno-trigraphs -fpascal-strings -O0 -Wno-missing-field-initializers -Wno-missing-prototypes -Wno-return-type -Wno-missing-braces -Wparentheses -Wswitch -Wno-unused-function -Wno-unused-label -Wno-unused-parameter -Wno-unused-variable -Wunused-value -Wno-empty-body -Wno-uninitialized -Wno-unknown-pragmas -Wno-shadow -Wno-four-char-constants -Wno-conversion -Wno-constant-conversion -Wno-int-conversion -Wno-bool-conversion -Wno-enum-conversion -Wno-shorten-64-to-32 -Wpointer-sign -Wno-newline-eof -DCMAKE_INTDIR=\"Debug\" -isysroot /Applications/Xcode.app/Contents/Developer/Platforms/MacOSX.platform/Developer/SDKs/MacOSX10.12.sdk -fasm-blocks -fstrict-aliasing -Wdeprecated-declarations -mmacosx-version-min=10.12 -g -Wno-sign-conversion -Wno-infinite-recursion -I/Users/bevintang/School/CSC471/lab01-master/build/CMakeFiles/CMakeTmp/Debug/include -I/Users/bevintang/School/CSC471/lab01-master/build/CMakeFiles/CMakeTmp/CMAKE_TRY_COMPILE.build/Debug/cmTC_9a8f1.build/DerivedSources/x86_64 -I/Users/bevintang/School/CSC471/lab01-master/build/CMakeFiles/CMakeTmp/CMAKE_TRY_COMPILE.build/Debug/cmTC_9a8f1.build/DerivedSources -Wmost -Wno-four-char-constants -Wno-unknown-pragmas -F/Users/bevintang/School/CSC471/lab01-master/build/CMakeFiles/CMakeTmp/Debug -MMD -MT dependencies -MF /Users/bevintang/School/CSC471/lab01-master/build/CMakeFiles/CMakeTmp/CMAKE_TRY_COMPILE.build/Debug/cmTC_9a8f1.build/Objects-normal/x86_64/CMakeCCompilerABI.d --serialize-diagnostics /Users/bevintang/School/CSC471/lab01-master/build/CMakeFiles/CMakeTmp/CMAKE_TRY_COMPILE.build/Debug/cmTC_9a8f1.build/Objects-normal/x86_64/CMakeCCompilerABI.dia -c /Users/usr/local/Cellar/cmake/3.9.2/share/cmake/Modules/CMakeCCompilerABI.c -o /Users/bevintang/School/CSC471/lab01-master/build/CMakeFiles/CMakeTmp/CMAKE_TRY_COMPILE.build/Debug/cmTC_9a8f1.build/Objects-normal/x86_64/CMakeCCompilerABI.o
clang: error: no such file or directory: '/Users/usr/local/Cellar/cmake/3.9.2/share/cmake/Modules/CMakeCCompilerABI.c'
clang: error: no input files

** BUILD FAILED **


The following build commands failed:
	CompileC /Users/bevintang/School/CSC471/lab01-master/build/CMakeFiles/CMakeTmp/CMAKE_TRY_COMPILE.build/Debug/cmTC_9a8f1.build/Objects-normal/x86_64/CMakeCCompilerABI.o /Users/usr/local/Cellar/cmake/3.9.2/share/cmake/Modules/CMakeCCompilerABI.c normal x86_64 c com.apple.compilers.llvm.clang.1_0.compiler
(1 failure)



Detecting CXX compiler ABI info failed to compile with the following output:
Change Dir: /Users/bevintang/School/CSC471/lab01-master/build/CMakeFiles/CMakeTmp

Run Build Command:"/usr/bin/xcodebuild" "-project" "CMAKE_TRY_COMPILE.xcodeproj" "build" "-target" "cmTC_aee99" "-configuration" "Debug"
=== BUILD TARGET cmTC_aee99 OF PROJECT CMAKE_TRY_COMPILE WITH CONFIGURATION Debug ===

Check dependencies

Write auxiliary files
/bin/mkdir -p /Users/bevintang/School/CSC471/lab01-master/build/CMakeFiles/CMakeTmp/CMAKE_TRY_COMPILE.build/Debug/cmTC_aee99.build/Objects-normal/x86_64
write-file /Users/bevintang/School/CSC471/lab01-master/build/CMakeFiles/CMakeTmp/CMAKE_TRY_COMPILE.build/Debug/cmTC_aee99.build/Objects-normal/x86_64/cmTC_aee99.LinkFileList

CompileC /Users/bevintang/School/CSC471/lab01-master/build/CMakeFiles/CMakeTmp/CMAKE_TRY_COMPILE.build/Debug/cmTC_aee99.build/Objects-normal/x86_64/CMakeCXXCompilerABI.o /Users/usr/local/Cellar/cmake/3.9.2/share/cmake/Modules/CMakeCXXCompilerABI.cpp normal x86_64 c++ com.apple.compilers.llvm.clang.1_0.compiler
    cd /Users/bevintang/Downloads/School/CSC471/lab01-master/build/CMakeFiles/CMakeTmp
    export LANG=en_US.US-ASCII
    /Applications/Xcode.app/Contents/Developer/Toolchains/XcodeDefault.xctoolchain/usr/bin/clang -x c++ -arch x86_64 -fmessage-length=0 -fdiagnostics-show-note-include-stack -fmacro-backtrace-limit=0 -Wno-trigraphs -fpascal-strings -O0 -Wno-missing-field-initializers -Wno-missing-prototypes -Wno-return-type -Wno-non-virtual-dtor -Wno-overloaded-virtual -Wno-exit-time-destructors -Wno-missing-braces -Wparentheses -Wswitch -Wno-unused-function -Wno-unused-label -Wno-unused-parameter -Wno-unused-variable -Wunused-value -Wno-empty-body -Wno-uninitialized -Wno-unknown-pragmas -Wno-shadow -Wno-four-char-constants -Wno-conversion -Wno-constant-conversion -Wno-int-conversion -Wno-bool-conversion -Wno-enum-conversion -Wno-shorten-64-to-32 -Wno-newline-eof -Wno-c++11-extensions -DCMAKE_INTDIR=\"Debug\" -isysroot /Applications/Xcode.app/Contents/Developer/Platforms/MacOSX.platform/Developer/SDKs/MacOSX10.12.sdk -fasm-blocks -fstrict-aliasing -Wdeprecated-declarations -Winvalid-offsetof -mmacosx-version-min=10.12 -g -Wno-sign-conversion -Wno-infinite-recursion -Wno-move -I/Users/bevintang/School/CSC471/lab01-master/build/CMakeFiles/CMakeTmp/Debug/include -I/Users/bevintang/School/CSC471/lab01-master/build/CMakeFiles/CMakeTmp/CMAKE_TRY_COMPILE.build/Debug/cmTC_aee99.build/DerivedSources/x86_64 -I/Users/bevintang/School/CSC471/lab01-master/build/CMakeFiles/CMakeTmp/CMAKE_TRY_COMPILE.build/Debug/cmTC_aee99.build/DerivedSources -Wmost -Wno-four-char-constants -Wno-unknown-pragmas -F/Users/bevintang/School/CSC471/lab01-master/build/CMakeFiles/CMakeTmp/Debug -MMD -MT dependencies -MF /Users/bevintang/School/CSC471/lab01-master/build/CMakeFiles/CMakeTmp/CMAKE_TRY_COMPILE.build/Debug/cmTC_aee99.build/Objects-normal/x86_64/CMakeCXXCompilerABI.d --serialize-diagnostics /Users/bevintang/School/CSC471/lab01-master/build/CMakeFiles/CMakeTmp/CMAKE_TRY_COMPILE.build/Debug/cmTC_aee99.build/Objects-normal/x86_64/CMakeCXXCompilerABI.dia -c /Users/usr/local/Cellar/cmake/3.9.2/share/cmake/Modules/CMakeCXXCompilerABI.cpp -o /Users/bevintang/School/CSC471/lab01-master/build/CMakeFiles/CMakeTmp/CMAKE_TRY_COMPILE.build/Debug/cmTC_aee99.build/Objects-normal/x86_64/CMakeCXXCompilerABI.o
clang: error: no such file or directory: '/Users/usr/local/Cellar/cmake/3.9.2/share/cmake/Modules/CMakeCXXCompilerABI.cpp'
clang: error: no input files

** BUILD FAILED **


The following build commands failed:
	CompileC /Users/bevintang/School/CSC471/lab01-master/build/CMakeFiles/CMakeTmp/CMAKE_TRY_COMPILE.build/Debug/cmTC_aee99.build/Objects-normal/x86_64/CMakeCXXCompilerABI.o /Users/usr/local/Cellar/cmake/3.9.2/share/cmake/Modules/CMakeCXXCompilerABI.cpp normal x86_64 c++ com.apple.compilers.llvm.clang.1_0.compiler
(1 failure)



